<?xml version="1.0" encoding="UTF-8"?>
<testsuite xmlns:xsi="http://www.w3.org/2001/XMLSchema-instance" xsi:noNamespaceSchemaLocation="https://maven.apache.org/surefire/maven-surefire-plugin/xsd/surefire-test-report.xsd" name="TestSuite" time="18.737" tests="1" errors="0" skipped="0" failures="0">
  <properties>
    <property name="sun.desktop" value="windows"/>
    <property name="awt.toolkit" value="sun.awt.windows.WToolkit"/>
    <property name="file.encoding.pkg" value="sun.io"/>
    <property name="java.specification.version" value="1.8"/>
    <property name="sun.cpu.isalist" value="amd64"/>
    <property name="sun.jnu.encoding" value="Cp1252"/>
    <property name="java.class.path" value="C:\Users\kbas663\Projects-AUTO\PurchaseOrderProject\target\test-classes;C:\Users\kbas663\Projects-AUTO\PurchaseOrderProject\target\classes;C:\Users\kbas663\.m2\repository\org\jboss\aerogear\aerogear-otp-java\1.0.0\aerogear-otp-java-1.0.0.jar;C:\Users\kbas663\.m2\repository\xml-apis\xml-apis\1.4.01\xml-apis-1.4.01.jar;C:\Users\kbas663\.m2\repository\org\apache\logging\log4j\log4j-core\2.11.1\log4j-core-2.11.1.jar;C:\Users\kbas663\.m2\repository\org\apache\logging\log4j\log4j-api\2.11.1\log4j-api-2.11.1.jar;C:\Users\kbas663\.m2\repository\org\seleniumhq\selenium\htmlunit-driver\2.33.0\htmlunit-driver-2.33.0.jar;C:\Users\kbas663\.m2\repository\org\seleniumhq\selenium\selenium-api\3.14.0\selenium-api-3.14.0.jar;C:\Users\kbas663\.m2\repository\org\seleniumhq\selenium\selenium-support\3.14.0\selenium-support-3.14.0.jar;C:\Users\kbas663\.m2\repository\net\sourceforge\htmlunit\htmlunit\2.33\htmlunit-2.33.jar;C:\Users\kbas663\.m2\repository\xalan\xalan\2.7.2\xalan-2.7.2.jar;C:\Users\kbas663\.m2\repository\xalan\serializer\2.7.2\serializer-2.7.2.jar;C:\Users\kbas663\.m2\repository\org\apache\commons\commons-lang3\3.8\commons-lang3-3.8.jar;C:\Users\kbas663\.m2\repository\org\apache\commons\commons-text\1.4\commons-text-1.4.jar;C:\Users\kbas663\.m2\repository\org\apache\httpcomponents\httpmime\4.5.6\httpmime-4.5.6.jar;C:\Users\kbas663\.m2\repository\net\sourceforge\htmlunit\htmlunit-core-js\2.33\htmlunit-core-js-2.33.jar;C:\Users\kbas663\.m2\repository\net\sourceforge\htmlunit\neko-htmlunit\2.33\neko-htmlunit-2.33.jar;C:\Users\kbas663\.m2\repository\xerces\xercesImpl\2.12.0\xercesImpl-2.12.0.jar;C:\Users\kbas663\.m2\repository\net\sourceforge\htmlunit\htmlunit-cssparser\1.2.0\htmlunit-cssparser-1.2.0.jar;C:\Users\kbas663\.m2\repository\commons-io\commons-io\2.6\commons-io-2.6.jar;C:\Users\kbas663\.m2\repository\commons-net\commons-net\3.6\commons-net-3.6.jar;C:\Users\kbas663\.m2\repository\org\eclipse\jetty\websocket\websocket-client\9.4.12.v20180830\websocket-client-9.4.12.v20180830.jar;C:\Users\kbas663\.m2\repository\org\eclipse\jetty\jetty-client\9.4.12.v20180830\jetty-client-9.4.12.v20180830.jar;C:\Users\kbas663\.m2\repository\org\eclipse\jetty\jetty-http\9.4.12.v20180830\jetty-http-9.4.12.v20180830.jar;C:\Users\kbas663\.m2\repository\org\eclipse\jetty\jetty-xml\9.4.12.v20180830\jetty-xml-9.4.12.v20180830.jar;C:\Users\kbas663\.m2\repository\org\eclipse\jetty\jetty-util\9.4.12.v20180830\jetty-util-9.4.12.v20180830.jar;C:\Users\kbas663\.m2\repository\org\eclipse\jetty\jetty-io\9.4.12.v20180830\jetty-io-9.4.12.v20180830.jar;C:\Users\kbas663\.m2\repository\org\eclipse\jetty\websocket\websocket-common\9.4.12.v20180830\websocket-common-9.4.12.v20180830.jar;C:\Users\kbas663\.m2\repository\org\eclipse\jetty\websocket\websocket-api\9.4.12.v20180830\websocket-api-9.4.12.v20180830.jar;C:\Users\kbas663\.m2\repository\org\seleniumhq\selenium\selenium-java\3.14.0\selenium-java-3.14.0.jar;C:\Users\kbas663\.m2\repository\org\seleniumhq\selenium\selenium-chrome-driver\3.14.0\selenium-chrome-driver-3.14.0.jar;C:\Users\kbas663\.m2\repository\org\seleniumhq\selenium\selenium-edge-driver\3.14.0\selenium-edge-driver-3.14.0.jar;C:\Users\kbas663\.m2\repository\org\seleniumhq\selenium\selenium-firefox-driver\3.14.0\selenium-firefox-driver-3.14.0.jar;C:\Users\kbas663\.m2\repository\org\seleniumhq\selenium\selenium-ie-driver\3.14.0\selenium-ie-driver-3.14.0.jar;C:\Users\kbas663\.m2\repository\org\seleniumhq\selenium\selenium-opera-driver\3.14.0\selenium-opera-driver-3.14.0.jar;C:\Users\kbas663\.m2\repository\org\seleniumhq\selenium\selenium-remote-driver\3.14.0\selenium-remote-driver-3.14.0.jar;C:\Users\kbas663\.m2\repository\org\seleniumhq\selenium\selenium-safari-driver\3.14.0\selenium-safari-driver-3.14.0.jar;C:\Users\kbas663\.m2\repository\net\bytebuddy\byte-buddy\1.8.15\byte-buddy-1.8.15.jar;C:\Users\kbas663\.m2\repository\org\apache\commons\commons-exec\1.3\commons-exec-1.3.jar;C:\Users\kbas663\.m2\repository\commons-codec\commons-codec\1.10\commons-codec-1.10.jar;C:\Users\kbas663\.m2\repository\commons-logging\commons-logging\1.2\commons-logging-1.2.jar;C:\Users\kbas663\.m2\repository\com\google\guava\guava\25.0-jre\guava-25.0-jre.jar;C:\Users\kbas663\.m2\repository\com\google\code\findbugs\jsr305\1.3.9\jsr305-1.3.9.jar;C:\Users\kbas663\.m2\repository\org\checkerframework\checker-compat-qual\2.0.0\checker-compat-qual-2.0.0.jar;C:\Users\kbas663\.m2\repository\com\google\errorprone\error_prone_annotations\2.1.3\error_prone_annotations-2.1.3.jar;C:\Users\kbas663\.m2\repository\com\google\j2objc\j2objc-annotations\1.1\j2objc-annotations-1.1.jar;C:\Users\kbas663\.m2\repository\org\codehaus\mojo\animal-sniffer-annotations\1.14\animal-sniffer-annotations-1.14.jar;C:\Users\kbas663\.m2\repository\org\apache\httpcomponents\httpclient\4.5.5\httpclient-4.5.5.jar;C:\Users\kbas663\.m2\repository\org\apache\httpcomponents\httpcore\4.4.9\httpcore-4.4.9.jar;C:\Users\kbas663\.m2\repository\com\squareup\okhttp3\okhttp\3.10.0\okhttp-3.10.0.jar;C:\Users\kbas663\.m2\repository\com\squareup\okio\okio\1.14.1\okio-1.14.1.jar;C:\Users\kbas663\.m2\repository\org\testng\testng\6.14.3\testng-6.14.3.jar;C:\Users\kbas663\.m2\repository\com\beust\jcommander\1.72\jcommander-1.72.jar;C:\Users\kbas663\.m2\repository\org\apache-extras\beanshell\bsh\2.0b6\bsh-2.0b6.jar;C:\Users\kbas663\.m2\repository\org\apache\poi\poi\3.17\poi-3.17.jar;C:\Users\kbas663\.m2\repository\org\apache\commons\commons-collections4\4.1\commons-collections4-4.1.jar;C:\Users\kbas663\.m2\repository\org\apache\poi\poi-ooxml\3.17\poi-ooxml-3.17.jar;C:\Users\kbas663\.m2\repository\com\github\virtuald\curvesapi\1.04\curvesapi-1.04.jar;C:\Users\kbas663\.m2\repository\org\apache\poi\poi-ooxml-schemas\3.17\poi-ooxml-schemas-3.17.jar;C:\Users\kbas663\.m2\repository\org\apache\xmlbeans\xmlbeans\2.6.0\xmlbeans-2.6.0.jar;C:\Users\kbas663\.m2\repository\stax\stax-api\1.0.1\stax-api-1.0.1.jar;C:\Users\kbas663\.m2\repository\org\apache\poi\poi-scratchpad\3.17\poi-scratchpad-3.17.jar;C:\Users\kbas663\.m2\repository\org\apache\poi\ooxml-schemas\1.3\ooxml-schemas-1.3.jar;C:\Users\kbas663\.m2\repository\org\apache\poi\openxml4j\1.0-beta\openxml4j-1.0-beta.jar;C:\Users\kbas663\.m2\repository\dom4j\dom4j\1.6.1\dom4j-1.6.1.jar;C:\Users\kbas663\.m2\repository\log4j\log4j\1.2.8\log4j-1.2.8.jar;C:\Users\kbas663\.m2\repository\org\apache\maven\surefire\surefire-testng-utils\2.22.0\surefire-testng-utils-2.22.0.jar;C:\Users\kbas663\.m2\repository\org\apache\maven\surefire\surefire-grouper\2.22.0\surefire-grouper-2.22.0.jar;"/>
    <property name="java.vm.vendor" value="Oracle Corporation"/>
    <property name="sun.arch.data.model" value="64"/>
    <property name="user.variant" value=""/>
    <property name="java.vendor.url" value="http://java.oracle.com/"/>
    <property name="user.timezone" value="Pacific/Auckland"/>
    <property name="java.vm.specification.version" value="1.8"/>
    <property name="os.name" value="Windows 7"/>
    <property name="user.country" value="NZ"/>
    <property name="sun.java.launcher" value="SUN_STANDARD"/>
    <property name="sun.boot.library.path" value="C:\Program Files (x86)\Java\jdk1.8.0_172\jre\bin"/>
    <property name="sun.java.command" value="C:\Users\kbas663\AppData\Local\Temp\surefire2847227646721288102\surefirebooter7627336046420633036.jar C:\Users\kbas663\AppData\Local\Temp\surefire2847227646721288102 2018-11-12T17-43-46_018-jvmRun1 surefire5319014344429959818tmp surefire_08214231779921811789tmp"/>
    <property name="surefire.test.class.path" value="C:\Users\kbas663\Projects-AUTO\PurchaseOrderProject\target\test-classes;C:\Users\kbas663\Projects-AUTO\PurchaseOrderProject\target\classes;C:\Users\kbas663\.m2\repository\org\jboss\aerogear\aerogear-otp-java\1.0.0\aerogear-otp-java-1.0.0.jar;C:\Users\kbas663\.m2\repository\xml-apis\xml-apis\1.4.01\xml-apis-1.4.01.jar;C:\Users\kbas663\.m2\repository\org\apache\logging\log4j\log4j-core\2.11.1\log4j-core-2.11.1.jar;C:\Users\kbas663\.m2\repository\org\apache\logging\log4j\log4j-api\2.11.1\log4j-api-2.11.1.jar;C:\Users\kbas663\.m2\repository\org\seleniumhq\selenium\htmlunit-driver\2.33.0\htmlunit-driver-2.33.0.jar;C:\Users\kbas663\.m2\repository\org\seleniumhq\selenium\selenium-api\3.14.0\selenium-api-3.14.0.jar;C:\Users\kbas663\.m2\repository\org\seleniumhq\selenium\selenium-support\3.14.0\selenium-support-3.14.0.jar;C:\Users\kbas663\.m2\repository\net\sourceforge\htmlunit\htmlunit\2.33\htmlunit-2.33.jar;C:\Users\kbas663\.m2\repository\xalan\xalan\2.7.2\xalan-2.7.2.jar;C:\Users\kbas663\.m2\repository\xalan\serializer\2.7.2\serializer-2.7.2.jar;C:\Users\kbas663\.m2\repository\org\apache\commons\commons-lang3\3.8\commons-lang3-3.8.jar;C:\Users\kbas663\.m2\repository\org\apache\commons\commons-text\1.4\commons-text-1.4.jar;C:\Users\kbas663\.m2\repository\org\apache\httpcomponents\httpmime\4.5.6\httpmime-4.5.6.jar;C:\Users\kbas663\.m2\repository\net\sourceforge\htmlunit\htmlunit-core-js\2.33\htmlunit-core-js-2.33.jar;C:\Users\kbas663\.m2\repository\net\sourceforge\htmlunit\neko-htmlunit\2.33\neko-htmlunit-2.33.jar;C:\Users\kbas663\.m2\repository\xerces\xercesImpl\2.12.0\xercesImpl-2.12.0.jar;C:\Users\kbas663\.m2\repository\net\sourceforge\htmlunit\htmlunit-cssparser\1.2.0\htmlunit-cssparser-1.2.0.jar;C:\Users\kbas663\.m2\repository\commons-io\commons-io\2.6\commons-io-2.6.jar;C:\Users\kbas663\.m2\repository\commons-net\commons-net\3.6\commons-net-3.6.jar;C:\Users\kbas663\.m2\repository\org\eclipse\jetty\websocket\websocket-client\9.4.12.v20180830\websocket-client-9.4.12.v20180830.jar;C:\Users\kbas663\.m2\repository\org\eclipse\jetty\jetty-client\9.4.12.v20180830\jetty-client-9.4.12.v20180830.jar;C:\Users\kbas663\.m2\repository\org\eclipse\jetty\jetty-http\9.4.12.v20180830\jetty-http-9.4.12.v20180830.jar;C:\Users\kbas663\.m2\repository\org\eclipse\jetty\jetty-xml\9.4.12.v20180830\jetty-xml-9.4.12.v20180830.jar;C:\Users\kbas663\.m2\repository\org\eclipse\jetty\jetty-util\9.4.12.v20180830\jetty-util-9.4.12.v20180830.jar;C:\Users\kbas663\.m2\repository\org\eclipse\jetty\jetty-io\9.4.12.v20180830\jetty-io-9.4.12.v20180830.jar;C:\Users\kbas663\.m2\repository\org\eclipse\jetty\websocket\websocket-common\9.4.12.v20180830\websocket-common-9.4.12.v20180830.jar;C:\Users\kbas663\.m2\repository\org\eclipse\jetty\websocket\websocket-api\9.4.12.v20180830\websocket-api-9.4.12.v20180830.jar;C:\Users\kbas663\.m2\repository\org\seleniumhq\selenium\selenium-java\3.14.0\selenium-java-3.14.0.jar;C:\Users\kbas663\.m2\repository\org\seleniumhq\selenium\selenium-chrome-driver\3.14.0\selenium-chrome-driver-3.14.0.jar;C:\Users\kbas663\.m2\repository\org\seleniumhq\selenium\selenium-edge-driver\3.14.0\selenium-edge-driver-3.14.0.jar;C:\Users\kbas663\.m2\repository\org\seleniumhq\selenium\selenium-firefox-driver\3.14.0\selenium-firefox-driver-3.14.0.jar;C:\Users\kbas663\.m2\repository\org\seleniumhq\selenium\selenium-ie-driver\3.14.0\selenium-ie-driver-3.14.0.jar;C:\Users\kbas663\.m2\repository\org\seleniumhq\selenium\selenium-opera-driver\3.14.0\selenium-opera-driver-3.14.0.jar;C:\Users\kbas663\.m2\repository\org\seleniumhq\selenium\selenium-remote-driver\3.14.0\selenium-remote-driver-3.14.0.jar;C:\Users\kbas663\.m2\repository\org\seleniumhq\selenium\selenium-safari-driver\3.14.0\selenium-safari-driver-3.14.0.jar;C:\Users\kbas663\.m2\repository\net\bytebuddy\byte-buddy\1.8.15\byte-buddy-1.8.15.jar;C:\Users\kbas663\.m2\repository\org\apache\commons\commons-exec\1.3\commons-exec-1.3.jar;C:\Users\kbas663\.m2\repository\commons-codec\commons-codec\1.10\commons-codec-1.10.jar;C:\Users\kbas663\.m2\repository\commons-logging\commons-logging\1.2\commons-logging-1.2.jar;C:\Users\kbas663\.m2\repository\com\google\guava\guava\25.0-jre\guava-25.0-jre.jar;C:\Users\kbas663\.m2\repository\com\google\code\findbugs\jsr305\1.3.9\jsr305-1.3.9.jar;C:\Users\kbas663\.m2\repository\org\checkerframework\checker-compat-qual\2.0.0\checker-compat-qual-2.0.0.jar;C:\Users\kbas663\.m2\repository\com\google\errorprone\error_prone_annotations\2.1.3\error_prone_annotations-2.1.3.jar;C:\Users\kbas663\.m2\repository\com\google\j2objc\j2objc-annotations\1.1\j2objc-annotations-1.1.jar;C:\Users\kbas663\.m2\repository\org\codehaus\mojo\animal-sniffer-annotations\1.14\animal-sniffer-annotations-1.14.jar;C:\Users\kbas663\.m2\repository\org\apache\httpcomponents\httpclient\4.5.5\httpclient-4.5.5.jar;C:\Users\kbas663\.m2\repository\org\apache\httpcomponents\httpcore\4.4.9\httpcore-4.4.9.jar;C:\Users\kbas663\.m2\repository\com\squareup\okhttp3\okhttp\3.10.0\okhttp-3.10.0.jar;C:\Users\kbas663\.m2\repository\com\squareup\okio\okio\1.14.1\okio-1.14.1.jar;C:\Users\kbas663\.m2\repository\org\testng\testng\6.14.3\testng-6.14.3.jar;C:\Users\kbas663\.m2\repository\com\beust\jcommander\1.72\jcommander-1.72.jar;C:\Users\kbas663\.m2\repository\org\apache-extras\beanshell\bsh\2.0b6\bsh-2.0b6.jar;C:\Users\kbas663\.m2\repository\org\apache\poi\poi\3.17\poi-3.17.jar;C:\Users\kbas663\.m2\repository\org\apache\commons\commons-collections4\4.1\commons-collections4-4.1.jar;C:\Users\kbas663\.m2\repository\org\apache\poi\poi-ooxml\3.17\poi-ooxml-3.17.jar;C:\Users\kbas663\.m2\repository\com\github\virtuald\curvesapi\1.04\curvesapi-1.04.jar;C:\Users\kbas663\.m2\repository\org\apache\poi\poi-ooxml-schemas\3.17\poi-ooxml-schemas-3.17.jar;C:\Users\kbas663\.m2\repository\org\apache\xmlbeans\xmlbeans\2.6.0\xmlbeans-2.6.0.jar;C:\Users\kbas663\.m2\repository\stax\stax-api\1.0.1\stax-api-1.0.1.jar;C:\Users\kbas663\.m2\repository\org\apache\poi\poi-scratchpad\3.17\poi-scratchpad-3.17.jar;C:\Users\kbas663\.m2\repository\org\apache\poi\ooxml-schemas\1.3\ooxml-schemas-1.3.jar;C:\Users\kbas663\.m2\repository\org\apache\poi\openxml4j\1.0-beta\openxml4j-1.0-beta.jar;C:\Users\kbas663\.m2\repository\dom4j\dom4j\1.6.1\dom4j-1.6.1.jar;C:\Users\kbas663\.m2\repository\log4j\log4j\1.2.8\log4j-1.2.8.jar;C:\Users\kbas663\.m2\repository\org\apache\maven\surefire\surefire-testng-utils\2.22.0\surefire-testng-utils-2.22.0.jar;C:\Users\kbas663\.m2\repository\org\apache\maven\surefire\surefire-grouper\2.22.0\surefire-grouper-2.22.0.jar;"/>
    <property name="sun.cpu.endian" value="little"/>
    <property name="user.home" value="C:\Users\kbas663"/>
    <property name="user.language" value="en"/>
    <property name="java.specification.vendor" value="Oracle Corporation"/>
    <property name="java.home" value="C:\Program Files (x86)\Java\jdk1.8.0_172\jre"/>
    <property name="basedir" value="C:\Users\kbas663\Projects-AUTO\PurchaseOrderProject"/>
    <property name="file.separator" value="\"/>
    <property name="line.separator" value="&#10;"/>
    <property name="java.vm.specification.vendor" value="Oracle Corporation"/>
    <property name="java.specification.name" value="Java Platform API Specification"/>
    <property name="java.awt.graphicsenv" value="sun.awt.Win32GraphicsEnvironment"/>
    <property name="surefire.real.class.path" value="C:\Users\kbas663\AppData\Local\Temp\surefire2847227646721288102\surefirebooter7627336046420633036.jar"/>
    <property name="sun.boot.class.path" value="C:\Program Files (x86)\Java\jdk1.8.0_172\jre\lib\resources.jar;C:\Program Files (x86)\Java\jdk1.8.0_172\jre\lib\rt.jar;C:\Program Files (x86)\Java\jdk1.8.0_172\jre\lib\sunrsasign.jar;C:\Program Files (x86)\Java\jdk1.8.0_172\jre\lib\jsse.jar;C:\Program Files (x86)\Java\jdk1.8.0_172\jre\lib\jce.jar;C:\Program Files (x86)\Java\jdk1.8.0_172\jre\lib\charsets.jar;C:\Program Files (x86)\Java\jdk1.8.0_172\jre\lib\jfr.jar;C:\Program Files (x86)\Java\jdk1.8.0_172\jre\classes"/>
    <property name="user.script" value=""/>
    <property name="sun.management.compiler" value="HotSpot 64-Bit Tiered Compilers"/>
    <property name="java.runtime.version" value="1.8.0_172-b11"/>
    <property name="user.name" value="kbas663"/>
    <property name="path.separator" value=";"/>
    <property name="os.version" value="6.1"/>
    <property name="java.endorsed.dirs" value="C:\Program Files (x86)\Java\jdk1.8.0_172\jre\lib\endorsed"/>
    <property name="java.runtime.name" value="Java(TM) SE Runtime Environment"/>
    <property name="file.encoding" value="Cp1252"/>
    <property name="java.vm.name" value="Java HotSpot(TM) 64-Bit Server VM"/>
    <property name="localRepository" value="C:\Users\kbas663\.m2\repository"/>
    <property name="java.vendor.url.bug" value="http://bugreport.sun.com/bugreport/"/>
    <property name="java.io.tmpdir" value="C:\Users\kbas663\AppData\Local\Temp\"/>
    <property name="java.version" value="1.8.0_172"/>
    <property name="user.dir" value="C:\Users\kbas663\Projects-AUTO\PurchaseOrderProject"/>
    <property name="os.arch" value="amd64"/>
    <property name="java.vm.specification.name" value="Java Virtual Machine Specification"/>
    <property name="java.awt.printerjob" value="sun.awt.windows.WPrinterJob"/>
    <property name="sun.os.patch.level" value="Service Pack 1"/>
    <property name="java.library.path" value="C:\Program Files (x86)\Java\jdk1.8.0_172\jre\bin;C:\Windows\Sun\Java\bin;C:\Windows\system32;C:\Windows;C:\Program Files (x86)\Common Files\Oracle\Java\javapath;C:\Oracle\client_1;C:\ProgramData\Oracle\Java\javapath;C:\Windows\system32;C:\Windows;C:\Windows\System32\Wbem;C:\Windows\System32\WindowsPowerShell\v1.0\;C:\Windows\CCM;C:\Windows\System32\WindowsPowerShell\v1.0\;C:\Windows\System32\WindowsPowerShell\v1.0\;C:\Windows\CCM;C:\Program Files (x86)\PharosSystems\Core;C:\Program Files (x86)\Skype\Phone\;C:\Windows\System32\WindowsPowerShell\v1.0\;C:\Windows\System32\WindowsPowerShell\v1.0\;C:\Program Files\Git\cmd;C:\Program Files\Git\bin;C:\Program Files (x86)\Java\jdk1.8.0_172\bin;C:\Program Files (x86)\maven\apache-maven-3.5.4\bin;C:\Users\kbas663;C:\Program Files\PuTTY\;C:\Program Files (x86)\Java\jdk1.8.0_172\bin;C:\Program Files (x86)\Java\jre1.8.0_172\bin;C:\Program Files (x86)\apache-maven-3.5.4\bin;C:\Program Files (x86)\Terraform;C:\Users\kbas663\AppData\Local\Programs\Python\Python37-32;C:\Users\kbas663\AppData\Local\Android\Sdk\tools\bin;C:\Users\kbas663\AppData\Local\Android\Sdk\tools;C:\Users\kbas663\AppData\Local\Android\Sdk\platform-tools;C:\Program Files\nodejs\;C:\Program Files\nodejs\node_modules\npm\bin;C:\Android;C:\Windows\System32;C:\Users\kbas663\Downloads\eclips_selenium\driver;C:\bin;C:\Users\kbas663\AppData\Local\Programs\Python\Python37-32\Scripts\;C:\Users\kbas663\AppData\Local\Programs\Python\Python37-32\;C:\Users\kbas663\AppData\Local\GitHubDesktop\bin;C:\Program Files (x86)\Terraform;C:\Users\kbas663\AppData\Local\Programs\Microsoft VS Code\bin;C:\Users\kbas663\AppData\Roaming\npm;."/>
    <property name="java.vm.info" value="mixed mode"/>
    <property name="java.vendor" value="Oracle Corporation"/>
    <property name="java.vm.version" value="25.172-b11"/>
    <property name="java.ext.dirs" value="C:\Program Files (x86)\Java\jdk1.8.0_172\jre\lib\ext;C:\Windows\Sun\Java\lib\ext"/>
    <property name="sun.io.unicode.encoding" value="UnicodeLittle"/>
    <property name="java.class.version" value="52.0"/>
  </properties>
  <testcase name="fill_Form_Test" classname="com.qa.purchaseorder.testcase.PuchaseOrderTest" time="5.108"/>
</testsuite>