<?xml version="1.0" encoding="UTF-8"?>
<!-- Generated by org.testng.reporters.JUnitReportReporter -->
<testsuite skipped="0" hostname="IT364925" name="com.qa.purchaseorder.testcase.PuchaseOrderTest" tests="1" failures="0" timestamp="31 Oct 2018 03:13:22 GMT" time="25.578" errors="0">
  <testcase name="fill_Form_Test" time="25.578" classname="com.qa.purchaseorder.testcase.PuchaseOrderTest"/>
</testsuite> <!-- com.qa.purchaseorder.testcase.PuchaseOrderTest -->
