<?xml version="1.0" encoding="UTF-8"?>
<!-- Generated by org.testng.reporters.JUnitReportReporter -->
<testsuite skipped="0" hostname="IT364925" name="com.qa.purchaseorder.testcase.PuchaseOrderTest" tests="5" failures="0" timestamp="01 Nov 2018 00:49:18 GMT" time="118.057" errors="0">
  <testcase name="fill_Form_Test" time="25.784" classname="com.qa.purchaseorder.testcase.PuchaseOrderTest"/>
  <testcase name="fill_Form_Test" time="22.381" classname="com.qa.purchaseorder.testcase.PuchaseOrderTest"/>
  <testcase name="fill_Form_Test" time="24.835" classname="com.qa.purchaseorder.testcase.PuchaseOrderTest"/>
  <testcase name="fill_Form_Test" time="23.149" classname="com.qa.purchaseorder.testcase.PuchaseOrderTest"/>
  <testcase name="fill_Form_Test" time="21.908" classname="com.qa.purchaseorder.testcase.PuchaseOrderTest"/>
</testsuite> <!-- com.qa.purchaseorder.testcase.PuchaseOrderTest -->
