<?xml version="1.0" encoding="UTF-8"?>
<!-- Generated by org.testng.reporters.JUnitReportReporter -->
<testsuite skipped="0" hostname="IT364925" name="com.qa.purchaseorder.testcase.PuchaseOrderTest" tests="1" failures="0" timestamp="12 Nov 2018 04:45:24 GMT" time="16.251" errors="0">
  <testcase name="fill_Form_Test" time="16.251" classname="com.qa.purchaseorder.testcase.PuchaseOrderTest"/>
</testsuite> <!-- com.qa.purchaseorder.testcase.PuchaseOrderTest -->
